Running: C:\Xilinx\14.7\ISE_DS\ISE\bin\nt64\unwrapped\fuse.exe -intstyle ise -incremental -lib secureip -o D:/Elektronika/FPGA/projekty/xilinx/cpu/DCEQ816zip/DCEQ816/ALU_test_isim_beh.exe -prj D:/Elektronika/FPGA/projekty/xilinx/cpu/DCEQ816zip/DCEQ816/ALU_test_beh.prj work.ALU_test 
ISim P.20131013 (signature 0x7708f090)
Number of CPUs detected in this system: 16
Turning on mult-threading, number of parallel sub-compilation jobs: 32 
Determining compilation order of HDL files
Parsing VHDL file "D:/Elektronika/FPGA/projekty/xilinx/cpu/DCEQ816zip/DCEQ816/ALU.vhd" into library work
Parsing VHDL file "D:/Elektronika/FPGA/projekty/xilinx/cpu/DCEQ816zip/DCEQ816/ALU_test.vhd" into library work
Starting static elaboration
Completed static elaboration
Compiling package standard
Compiling package std_logic_1164
Compiling package std_logic_arith
Compiling package std_logic_unsigned
Compiling package numeric_std
Compiling architecture behavioral of entity ALU [\ALU(1)\]
Compiling architecture behavior of entity alu_test
Time Resolution for simulation is 1ps.
Compiled 8 VHDL Units
Built simulation executable D:/Elektronika/FPGA/projekty/xilinx/cpu/DCEQ816zip/DCEQ816/ALU_test_isim_beh.exe
Fuse Memory Usage: 39196 KB
Fuse CPU Usage: 124 ms
