Release 14.7 - xst P.20131013 (nt64)
Copyright (c) 1995-2013 Xilinx, Inc.  All rights reserved.
--> Parameter TMPDIR set to xst/projnav.tmp


Total REAL time to Xst completion: 0.00 secs
Total CPU time to Xst completion: 0.09 secs
 
--> Parameter xsthdpdir set to xst


Total REAL time to Xst completion: 0.00 secs
Total CPU time to Xst completion: 0.09 secs
 
--> Reading design: I_O.prj

TABLE OF CONTENTS
  1) Synthesis Options Summary
  2) HDL Parsing
  3) HDL Elaboration
  4) HDL Synthesis
       4.1) HDL Synthesis Report
  5) Advanced HDL Synthesis
       5.1) Advanced HDL Synthesis Report
  6) Low Level Synthesis
  7) Partition Report
  8) Design Summary
       8.1) Primitive and Black Box Usage
       8.2) Device utilization summary
       8.3) Partition Resource Summary
       8.4) Timing Report
            8.4.1) Clock Information
            8.4.2) Asynchronous Control Signals Information
            8.4.3) Timing Summary
            8.4.4) Timing Details
            8.4.5) Cross Clock Domains Report


=========================================================================
*                      Synthesis Options Summary                        *
=========================================================================
---- Source Parameters
Input File Name                    : "I_O.prj"
Ignore Synthesis Constraint File   : NO

---- Target Parameters
Output File Name                   : "I_O"
Output Format                      : NGC
Target Device                      : xc6slx9-3-tqg144

---- Source Options
Top Module Name                    : I_O
Automatic FSM Extraction           : YES
FSM Encoding Algorithm             : Auto
Safe Implementation                : No
FSM Style                          : LUT
RAM Extraction                     : Yes
RAM Style                          : Auto
ROM Extraction                     : Yes
Shift Register Extraction          : YES
ROM Style                          : Auto
Resource Sharing                   : YES
Asynchronous To Synchronous        : NO
Shift Register Minimum Size        : 2
Use DSP Block                      : Auto
Automatic Register Balancing       : No

---- Target Options
LUT Combining                      : Auto
Reduce Control Sets                : Auto
Add IO Buffers                     : YES
Global Maximum Fanout              : 100000
Add Generic Clock Buffer(BUFG)     : 16
Register Duplication               : YES
Optimize Instantiated Primitives   : NO
Use Clock Enable                   : Auto
Use Synchronous Set                : Auto
Use Synchronous Reset              : Auto
Pack IO Registers into IOBs        : Auto
Equivalent register Removal        : YES

---- General Options
Optimization Goal                  : Speed
Optimization Effort                : 1
Power Reduction                    : NO
Keep Hierarchy                     : No
Netlist Hierarchy                  : As_Optimized
RTL Output                         : Yes
Global Optimization                : AllClockNets
Read Cores                         : YES
Write Timing Constraints           : NO
Cross Clock Analysis               : NO
Hierarchy Separator                : /
Bus Delimiter                      : <>
Case Specifier                     : Maintain
Slice Utilization Ratio            : 100
BRAM Utilization Ratio             : 100
DSP48 Utilization Ratio            : 100
Auto BRAM Packing                  : NO
Slice Utilization Ratio Delta      : 5

=========================================================================


=========================================================================
*                          HDL Parsing                                  *
=========================================================================
Parsing VHDL file "C:\Users\ja\Desktop\work\FPGA\projekty\DCEQ816\I_O.vhd" into library work
Parsing entity <I_O>.
Parsing architecture <Behavioral> of entity <i_o>.

=========================================================================
*                            HDL Elaboration                            *
=========================================================================

Elaborating entity <I_O> (architecture <Behavioral>) from library <work>.

=========================================================================
*                           HDL Synthesis                               *
=========================================================================

Synthesizing Unit <I_O>.
    Related source file is "C:\Users\ja\Desktop\work\FPGA\projekty\DCEQ816\I_O.vhd".
    Found 8-bit register for signal <IO_out2>.
    Found 8-bit register for signal <IO_out3>.
    Found 8-bit register for signal <IO_out1>.
    Summary:
	inferred  24 D-type flip-flop(s).
Unit <I_O> synthesized.

=========================================================================
HDL Synthesis Report

Macro Statistics
# Registers                                            : 3
 8-bit register                                        : 3

=========================================================================

=========================================================================
*                       Advanced HDL Synthesis                          *
=========================================================================


=========================================================================
Advanced HDL Synthesis Report

Macro Statistics
# Registers                                            : 24
 Flip-Flops                                            : 24

=========================================================================

=========================================================================
*                         Low Level Synthesis                           *
=========================================================================

Optimizing unit <I_O> ...

Mapping all equations...
Building and optimizing final netlist ...
Found area constraint ratio of 100 (+ 5) on block I_O, actual ratio is 0.

Final Macro Processing ...

=========================================================================
Final Register Report

Macro Statistics
# Registers                                            : 24
 Flip-Flops                                            : 24

=========================================================================

=========================================================================
*                           Partition Report                            *
=========================================================================

Partition Implementation Status
-------------------------------

  No Partitions were found in this design.

-------------------------------

=========================================================================
*                            Design Summary                             *
=========================================================================

Top Level Output File Name         : I_O.ngc

Primitive and Black Box Usage:
------------------------------
# BELS                             : 1
#      INV                         : 1
# FlipFlops/Latches                : 24
#      FDRE                        : 24
# Clock Buffers                    : 3
#      BUFGP                       : 3
# IO Buffers                       : 41
#      IBUF                        : 17
#      OBUF                        : 24

Device utilization summary:
---------------------------

Selected Device : 6slx9tqg144-3 


Slice Logic Utilization: 
 Number of Slice LUTs:                    1  out of   5720     0%  
    Number used as Logic:                 1  out of   5720     0%  

Slice Logic Distribution: 
 Number of LUT Flip Flop pairs used:      1
   Number with an unused Flip Flop:       1  out of      1   100%  
   Number with an unused LUT:             0  out of      1     0%  
   Number of fully used LUT-FF pairs:     0  out of      1     0%  
   Number of unique control sets:         3

IO Utilization: 
 Number of IOs:                          44
 Number of bonded IOBs:                  44  out of    102    43%  
    IOB Flip Flops/Latches:              24

Specific Feature Utilization:
 Number of BUFG/BUFGCTRLs:                3  out of     16    18%  

---------------------------
Partition Resource Summary:
---------------------------

  No Partitions were found in this design.

---------------------------


=========================================================================
Timing Report

NOTE: THESE TIMING NUMBERS ARE ONLY A SYNTHESIS ESTIMATE.
      FOR ACCURATE TIMING INFORMATION PLEASE REFER TO THE TRACE REPORT
      GENERATED AFTER PLACE-and-ROUTE.

Clock Information:
------------------
-----------------------------------+------------------------+-------+
Clock Signal                       | Clock buffer(FF name)  | Load  |
-----------------------------------+------------------------+-------+
IO_ms<1>                           | BUFGP                  | 8     |
IO_ms<3>                           | BUFGP                  | 8     |
IO_ms<2>                           | BUFGP                  | 8     |
-----------------------------------+------------------------+-------+

Asynchronous Control Signals Information:
----------------------------------------
No asynchronous control signals found in this design

Timing Summary:
---------------
Speed Grade: -3

   Minimum period: No path found
   Minimum input arrival time before clock: 4.114ns
   Maximum output required time after clock: 3.597ns
   Maximum combinational path delay: No path found

Timing Details:
---------------
All values displayed in nanoseconds (ns)

=========================================================================
Timing constraint: Default OFFSET IN BEFORE for Clock 'IO_ms<1>'
  Total number of paths / destination ports: 24 / 24
-------------------------------------------------------------------------
Offset:              4.114ns (Levels of Logic = 2)
  Source:            IO_ms<0> (PAD)
  Destination:       IO_out3_0 (FF)
  Destination Clock: IO_ms<1> rising

  Data Path: IO_ms<0> to IO_out3_0
                                Gate     Net
    Cell:in->out      fanout   Delay   Delay  Logical Name (Net Name)
    ----------------------------------------  ------------
     IBUF:I->O            25   1.222   1.192  IO_ms_0_IBUF (IO_ms_0_IBUF)
     INV:I->O             24   0.206   1.172  IO_ms<0>_inv1_INV_0 (IO_ms<0>_inv)
     FDRE:CE                   0.322          IO_out3_0
    ----------------------------------------
    Total                      4.114ns (1.750ns logic, 2.364ns route)
                                       (42.5% logic, 57.5% route)

=========================================================================
Timing constraint: Default OFFSET IN BEFORE for Clock 'IO_ms<3>'
  Total number of paths / destination ports: 24 / 24
-------------------------------------------------------------------------
Offset:              4.114ns (Levels of Logic = 2)
  Source:            IO_ms<0> (PAD)
  Destination:       IO_out1_0 (FF)
  Destination Clock: IO_ms<3> rising

  Data Path: IO_ms<0> to IO_out1_0
                                Gate     Net
    Cell:in->out      fanout   Delay   Delay  Logical Name (Net Name)
    ----------------------------------------  ------------
     IBUF:I->O            25   1.222   1.192  IO_ms_0_IBUF (IO_ms_0_IBUF)
     INV:I->O             24   0.206   1.172  IO_ms<0>_inv1_INV_0 (IO_ms<0>_inv)
     FDRE:CE                   0.322          IO_out1_0
    ----------------------------------------
    Total                      4.114ns (1.750ns logic, 2.364ns route)
                                       (42.5% logic, 57.5% route)

=========================================================================
Timing constraint: Default OFFSET IN BEFORE for Clock 'IO_ms<2>'
  Total number of paths / destination ports: 24 / 24
-------------------------------------------------------------------------
Offset:              4.114ns (Levels of Logic = 2)
  Source:            IO_ms<0> (PAD)
  Destination:       IO_out2_0 (FF)
  Destination Clock: IO_ms<2> rising

  Data Path: IO_ms<0> to IO_out2_0
                                Gate     Net
    Cell:in->out      fanout   Delay   Delay  Logical Name (Net Name)
    ----------------------------------------  ------------
     IBUF:I->O            25   1.222   1.192  IO_ms_0_IBUF (IO_ms_0_IBUF)
     INV:I->O             24   0.206   1.172  IO_ms<0>_inv1_INV_0 (IO_ms<0>_inv)
     FDRE:CE                   0.322          IO_out2_0
    ----------------------------------------
    Total                      4.114ns (1.750ns logic, 2.364ns route)
                                       (42.5% logic, 57.5% route)

=========================================================================
Timing constraint: Default OFFSET OUT AFTER for Clock 'IO_ms<3>'
  Total number of paths / destination ports: 8 / 8
-------------------------------------------------------------------------
Offset:              3.597ns (Levels of Logic = 1)
  Source:            IO_out1_7 (FF)
  Destination:       IO_out1<7> (PAD)
  Source Clock:      IO_ms<3> rising

  Data Path: IO_out1_7 to IO_out1<7>
                                Gate     Net
    Cell:in->out      fanout   Delay   Delay  Logical Name (Net Name)
    ----------------------------------------  ------------
     FDRE:C->Q             1   0.447   0.579  IO_out1_7 (IO_out1_7)
     OBUF:I->O                 2.571          IO_out1_7_OBUF (IO_out1<7>)
    ----------------------------------------
    Total                      3.597ns (3.018ns logic, 0.579ns route)
                                       (83.9% logic, 16.1% route)

=========================================================================
Timing constraint: Default OFFSET OUT AFTER for Clock 'IO_ms<2>'
  Total number of paths / destination ports: 8 / 8
-------------------------------------------------------------------------
Offset:              3.597ns (Levels of Logic = 1)
  Source:            IO_out2_7 (FF)
  Destination:       IO_out2<7> (PAD)
  Source Clock:      IO_ms<2> rising

  Data Path: IO_out2_7 to IO_out2<7>
                                Gate     Net
    Cell:in->out      fanout   Delay   Delay  Logical Name (Net Name)
    ----------------------------------------  ------------
     FDRE:C->Q             1   0.447   0.579  IO_out2_7 (IO_out2_7)
     OBUF:I->O                 2.571          IO_out2_7_OBUF (IO_out2<7>)
    ----------------------------------------
    Total                      3.597ns (3.018ns logic, 0.579ns route)
                                       (83.9% logic, 16.1% route)

=========================================================================
Timing constraint: Default OFFSET OUT AFTER for Clock 'IO_ms<1>'
  Total number of paths / destination ports: 8 / 8
-------------------------------------------------------------------------
Offset:              3.597ns (Levels of Logic = 1)
  Source:            IO_out3_7 (FF)
  Destination:       IO_out3<7> (PAD)
  Source Clock:      IO_ms<1> rising

  Data Path: IO_out3_7 to IO_out3<7>
                                Gate     Net
    Cell:in->out      fanout   Delay   Delay  Logical Name (Net Name)
    ----------------------------------------  ------------
     FDRE:C->Q             1   0.447   0.579  IO_out3_7 (IO_out3_7)
     OBUF:I->O                 2.571          IO_out3_7_OBUF (IO_out3<7>)
    ----------------------------------------
    Total                      3.597ns (3.018ns logic, 0.579ns route)
                                       (83.9% logic, 16.1% route)

=========================================================================

Cross Clock Domains Report:
--------------------------

=========================================================================


Total REAL time to Xst completion: 5.00 secs
Total CPU time to Xst completion: 5.49 secs
 
--> 

Total memory usage is 260376 kilobytes

Number of errors   :    0 (   0 filtered)
Number of warnings :    0 (   0 filtered)
Number of infos    :    0 (   0 filtered)

