Release 14.7 - xst P.20131013 (nt64)
Copyright (c) 1995-2013 Xilinx, Inc.  All rights reserved.
--> Parameter TMPDIR set to xst/projnav.tmp


Total REAL time to Xst completion: 0.00 secs
Total CPU time to Xst completion: 0.10 secs
 
--> Parameter xsthdpdir set to xst


Total REAL time to Xst completion: 0.00 secs
Total CPU time to Xst completion: 0.10 secs
 
--> Reading design: ROM.prj

TABLE OF CONTENTS
  1) Synthesis Options Summary
  2) HDL Parsing
  3) HDL Elaboration
  4) HDL Synthesis
       4.1) HDL Synthesis Report
  5) Advanced HDL Synthesis
       5.1) Advanced HDL Synthesis Report
  6) Low Level Synthesis
  7) Partition Report
  8) Design Summary
       8.1) Primitive and Black Box Usage
       8.2) Device utilization summary
       8.3) Partition Resource Summary
       8.4) Timing Report
            8.4.1) Clock Information
            8.4.2) Asynchronous Control Signals Information
            8.4.3) Timing Summary
            8.4.4) Timing Details
            8.4.5) Cross Clock Domains Report


=========================================================================
*                      Synthesis Options Summary                        *
=========================================================================
---- Source Parameters
Input File Name                    : "ROM.prj"
Ignore Synthesis Constraint File   : NO

---- Target Parameters
Output File Name                   : "ROM"
Output Format                      : NGC
Target Device                      : xc6slx9-3-tqg144

---- Source Options
Top Module Name                    : ROM
Automatic FSM Extraction           : YES
FSM Encoding Algorithm             : Auto
Safe Implementation                : No
FSM Style                          : LUT
RAM Extraction                     : Yes
RAM Style                          : Auto
ROM Extraction                     : Yes
Shift Register Extraction          : YES
ROM Style                          : Auto
Resource Sharing                   : YES
Asynchronous To Synchronous        : NO
Shift Register Minimum Size        : 2
Use DSP Block                      : Auto
Automatic Register Balancing       : No

---- Target Options
LUT Combining                      : Auto
Reduce Control Sets                : Auto
Add IO Buffers                     : YES
Global Maximum Fanout              : 100000
Add Generic Clock Buffer(BUFG)     : 16
Register Duplication               : YES
Optimize Instantiated Primitives   : NO
Use Clock Enable                   : Auto
Use Synchronous Set                : Auto
Use Synchronous Reset              : Auto
Pack IO Registers into IOBs        : Auto
Equivalent register Removal        : YES

---- General Options
Optimization Goal                  : Speed
Optimization Effort                : 1
Power Reduction                    : NO
Keep Hierarchy                     : No
Netlist Hierarchy                  : As_Optimized
RTL Output                         : Yes
Global Optimization                : AllClockNets
Read Cores                         : YES
Write Timing Constraints           : NO
Cross Clock Analysis               : NO
Hierarchy Separator                : /
Bus Delimiter                      : <>
Case Specifier                     : Maintain
Slice Utilization Ratio            : 100
BRAM Utilization Ratio             : 100
DSP48 Utilization Ratio            : 100
Auto BRAM Packing                  : NO
Slice Utilization Ratio Delta      : 5

=========================================================================


=========================================================================
*                          HDL Parsing                                  *
=========================================================================
Parsing VHDL file "C:\Users\ja\Desktop\work\FPGA\projekty\DCEQ816\ROM.vhd" into library work
Parsing entity <ROM>.
Parsing architecture <Behavioral> of entity <rom>.

=========================================================================
*                            HDL Elaboration                            *
=========================================================================

Elaborating entity <ROM> (architecture <Behavioral>) from library <work>.

=========================================================================
*                           HDL Synthesis                               *
=========================================================================

Synthesizing Unit <ROM>.
    Related source file is "C:\Users\ja\Desktop\work\FPGA\projekty\DCEQ816\ROM.vhd".
WARNING:Xst:2999 - Signal 'ROM', unconnected in block 'ROM', is tied to its initial value.
    Found 16x13-bit single-port Read Only RAM <Mram_ROM> for signal <ROM>.
    Found 13-bit register for signal <ROM_DATA_OUT>.
    Summary:
	inferred   1 RAM(s).
	inferred  13 D-type flip-flop(s).
Unit <ROM> synthesized.

=========================================================================
HDL Synthesis Report

Macro Statistics
# RAMs                                                 : 1
 16x13-bit single-port Read Only RAM                   : 1
# Registers                                            : 1
 13-bit register                                       : 1

=========================================================================

=========================================================================
*                       Advanced HDL Synthesis                          *
=========================================================================


Synthesizing (advanced) Unit <ROM>.
INFO:Xst:3231 - The small RAM <Mram_ROM> will be implemented on LUTs in order to maximize performance and save block RAM resources. If you want to force its implementation on block, use option/constraint ram_style.
    -----------------------------------------------------------------------
    | ram_type           | Distributed                         |          |
    -----------------------------------------------------------------------
    | Port A                                                              |
    |     aspect ratio   | 16-word x 13-bit                    |          |
    |     weA            | connected to signal <GND>           | high     |
    |     addrA          | connected to signal <ROM_ADDR>      |          |
    |     diA            | connected to signal <GND>           |          |
    |     doA            | connected to internal node          |          |
    -----------------------------------------------------------------------
Unit <ROM> synthesized (advanced).

=========================================================================
Advanced HDL Synthesis Report

Macro Statistics
# RAMs                                                 : 1
 16x13-bit single-port distributed Read Only RAM       : 1
# Registers                                            : 13
 Flip-Flops                                            : 13

=========================================================================

=========================================================================
*                         Low Level Synthesis                           *
=========================================================================
WARNING:Xst:1710 - FF/Latch <ROM_DATA_OUT_5> (without init value) has a constant value of 0 in block <ROM>. This FF/Latch will be trimmed during the optimization process.
WARNING:Xst:1895 - Due to other FF/Latch trimming, FF/Latch <ROM_DATA_OUT_6> (without init value) has a constant value of 0 in block <ROM>. This FF/Latch will be trimmed during the optimization process.
WARNING:Xst:1895 - Due to other FF/Latch trimming, FF/Latch <ROM_DATA_OUT_7> (without init value) has a constant value of 0 in block <ROM>. This FF/Latch will be trimmed during the optimization process.
WARNING:Xst:1895 - Due to other FF/Latch trimming, FF/Latch <ROM_DATA_OUT_10> (without init value) has a constant value of 0 in block <ROM>. This FF/Latch will be trimmed during the optimization process.
WARNING:Xst:1895 - Due to other FF/Latch trimming, FF/Latch <ROM_DATA_OUT_11> (without init value) has a constant value of 0 in block <ROM>. This FF/Latch will be trimmed during the optimization process.
WARNING:Xst:1895 - Due to other FF/Latch trimming, FF/Latch <ROM_DATA_OUT_12> (without init value) has a constant value of 0 in block <ROM>. This FF/Latch will be trimmed during the optimization process.
INFO:Xst:2261 - The FF/Latch <ROM_DATA_OUT_2> in Unit <ROM> is equivalent to the following FF/Latch, which will be removed : <ROM_DATA_OUT_4> 
INFO:Xst:2261 - The FF/Latch <ROM_DATA_OUT_8> in Unit <ROM> is equivalent to the following FF/Latch, which will be removed : <ROM_DATA_OUT_9> 

Optimizing unit <ROM> ...

Mapping all equations...
Building and optimizing final netlist ...
Found area constraint ratio of 100 (+ 5) on block ROM, actual ratio is 0.
FlipFlop ROM_DATA_OUT_8 has been replicated 1 time(s) to handle iob=true attribute.
FlipFlop ROM_DATA_OUT_2 has been replicated 1 time(s) to handle iob=true attribute.

Final Macro Processing ...

=========================================================================
Final Register Report

Macro Statistics
# Registers                                            : 7
 Flip-Flops                                            : 7

=========================================================================

=========================================================================
*                           Partition Report                            *
=========================================================================

Partition Implementation Status
-------------------------------

  No Partitions were found in this design.

-------------------------------

=========================================================================
*                            Design Summary                             *
=========================================================================

Top Level Output File Name         : ROM.ngc

Primitive and Black Box Usage:
------------------------------
# BELS                             : 6
#      GND                         : 1
#      LUT3                        : 1
#      LUT4                        : 4
# FlipFlops/Latches                : 7
#      FD                          : 7
# Clock Buffers                    : 1
#      BUFGP                       : 1
# IO Buffers                       : 17
#      IBUF                        : 4
#      OBUF                        : 13

Device utilization summary:
---------------------------

Selected Device : 6slx9tqg144-3 


Slice Logic Utilization: 
 Number of Slice LUTs:                    5  out of   5720     0%  
    Number used as Logic:                 5  out of   5720     0%  

Slice Logic Distribution: 
 Number of LUT Flip Flop pairs used:      5
   Number with an unused Flip Flop:       5  out of      5   100%  
   Number with an unused LUT:             0  out of      5     0%  
   Number of fully used LUT-FF pairs:     0  out of      5     0%  
   Number of unique control sets:         1

IO Utilization: 
 Number of IOs:                          18
 Number of bonded IOBs:                  18  out of    102    17%  
    IOB Flip Flops/Latches:               7

Specific Feature Utilization:
 Number of BUFG/BUFGCTRLs:                1  out of     16     6%  

---------------------------
Partition Resource Summary:
---------------------------

  No Partitions were found in this design.

---------------------------


=========================================================================
Timing Report

NOTE: THESE TIMING NUMBERS ARE ONLY A SYNTHESIS ESTIMATE.
      FOR ACCURATE TIMING INFORMATION PLEASE REFER TO THE TRACE REPORT
      GENERATED AFTER PLACE-and-ROUTE.

Clock Information:
------------------
-----------------------------------+------------------------+-------+
Clock Signal                       | Clock buffer(FF name)  | Load  |
-----------------------------------+------------------------+-------+
ROM_CLOCK                          | BUFGP                  | 7     |
-----------------------------------+------------------------+-------+

Asynchronous Control Signals Information:
----------------------------------------
No asynchronous control signals found in this design

Timing Summary:
---------------
Speed Grade: -3

   Minimum period: No path found
   Minimum input arrival time before clock: 2.489ns
   Maximum output required time after clock: 3.597ns
   Maximum combinational path delay: No path found

Timing Details:
---------------
All values displayed in nanoseconds (ns)

=========================================================================
Timing constraint: Default OFFSET IN BEFORE for Clock 'ROM_CLOCK'
  Total number of paths / destination ports: 27 / 7
-------------------------------------------------------------------------
Offset:              2.489ns (Levels of Logic = 2)
  Source:            ROM_ADDR<3> (PAD)
  Destination:       ROM_DATA_OUT_1 (FF)
  Destination Clock: ROM_CLOCK rising

  Data Path: ROM_ADDR<3> to ROM_DATA_OUT_1
                                Gate     Net
    Cell:in->out      fanout   Delay   Delay  Logical Name (Net Name)
    ----------------------------------------  ------------
     IBUF:I->O             5   1.222   0.962  ROM_ADDR_3_IBUF (ROM_ADDR_3_IBUF)
     LUT4:I0->O            1   0.203   0.000  Mram_ROM31 (Mram_ROM3)
     FD:D                      0.102          ROM_DATA_OUT_3
    ----------------------------------------
    Total                      2.489ns (1.527ns logic, 0.962ns route)
                                       (61.3% logic, 38.7% route)

=========================================================================
Timing constraint: Default OFFSET OUT AFTER for Clock 'ROM_CLOCK'
  Total number of paths / destination ports: 7 / 7
-------------------------------------------------------------------------
Offset:              3.597ns (Levels of Logic = 1)
  Source:            ROM_DATA_OUT_8_1 (FF)
  Destination:       ROM_DATA_OUT<9> (PAD)
  Source Clock:      ROM_CLOCK rising

  Data Path: ROM_DATA_OUT_8_1 to ROM_DATA_OUT<9>
                                Gate     Net
    Cell:in->out      fanout   Delay   Delay  Logical Name (Net Name)
    ----------------------------------------  ------------
     FD:C->Q               1   0.447   0.579  ROM_DATA_OUT_8_1 (ROM_DATA_OUT_8_1)
     OBUF:I->O                 2.571          ROM_DATA_OUT_9_OBUF (ROM_DATA_OUT<9>)
    ----------------------------------------
    Total                      3.597ns (3.018ns logic, 0.579ns route)
                                       (83.9% logic, 16.1% route)

=========================================================================

Cross Clock Domains Report:
--------------------------

=========================================================================


Total REAL time to Xst completion: 5.00 secs
Total CPU time to Xst completion: 5.70 secs
 
--> 

Total memory usage is 259224 kilobytes

Number of errors   :    0 (   0 filtered)
Number of warnings :    7 (   0 filtered)
Number of infos    :    3 (   0 filtered)

